[0423/185903.219:ERROR:process_memory_win.cc(73)] ReadMemory at 0x7ff702ec0000 of 64 bytes failed: Only part of a ReadProcessMemory or WriteProcessMemory request was completed. (0x12B)
[0423/185903.824:WARNING:pe_image_reader.cc(340)] could not read dos header from C:\Program Files (x86)\Google\Chrome\Application\chrome.exe
[0423/185903.824:ERROR:process_memory_win.cc(73)] ReadMemory at 0x7ff9bdcd0000 of 64 bytes failed: Only part of a ReadProcessMemory or WriteProcessMemory request was completed. (0x12B)
[0423/185903.824:WARNING:pe_image_reader.cc(340)] could not read dos header from C:\Windows\SYSTEM32\ntdll.dll
[0423/185903.824:ERROR:process_memory_win.cc(73)] ReadMemory at 0x7ff9bca00000 of 64 bytes failed: Only part of a ReadProcessMemory or WriteProcessMemory request was completed. (0x12B)
[0423/185903.938:WARNING:pe_image_reader.cc(340)] could not read dos header from C:\Windows\System32\KERNEL32.DLL
[0423/185903.938:ERROR:process_memory_win.cc(73)] ReadMemory at 0x7ff9baa10000 of 64 bytes failed: Only part of a ReadProcessMemory or WriteProcessMemory request was completed. (0x12B)
[0423/185903.938:WARNING:pe_image_reader.cc(340)] could not read dos header from C:\Windows\System32\KERNELBASE.dll
[0423/185903.938:ERROR:process_memory_win.cc(73)] ReadMemory at 0x7ff9a1900000 of 64 bytes failed: Only part of a ReadProcessMemory or WriteProcessMemory request was completed. (0x12B)
[0423/185903.938:WARNING:pe_image_reader.cc(340)] could not read dos header from C:\Program Files (x86)\Google\Chrome\Application\80.0.3987.163\chrome_elf.dll
[0423/185903.938:ERROR:process_memory_win.cc(73)] ReadMemory at 0x7ff9ae1d0000 of 64 bytes failed: Only part of a ReadProcessMemory or WriteProcessMemory request was completed. (0x12B)
[0423/185903.938:WARNING:pe_image_reader.cc(340)] could not read dos header from C:\Windows\SYSTEM32\VERSION.dll
[0423/185903.938:ERROR:process_memory_win.cc(73)] ReadMemory at 0x7ff9bcbb0000 of 64 bytes failed: Only part of a ReadProcessMemory or WriteProcessMemory request was completed. (0x12B)
[0423/185903.938:WARNING:pe_image_reader.cc(340)] could not read dos header from C:\Windows\System32\msvcrt.dll
[0423/185903.938:ERROR:process_memory_win.cc(73)] ReadMemory at 0x7ff9bacb0000 of 64 bytes failed: Only part of a ReadProcessMemory or WriteProcessMemory request was completed. (0x12B)
[0423/185903.938:WARNING:pe_image_reader.cc(340)] could not read dos header from C:\Windows\System32\bcryptPrimitives.dll
[0423/185903.938:ERROR:process_memory_win.cc(73)] ReadMemory at 0x7ff9bc450000 of 64 bytes failed: Only part of a ReadProcessMemory or WriteProcessMemory request was completed. (0x12B)
[0423/185903.938:WARNING:pe_image_reader.cc(340)] could not read dos header from C:\Windows\System32\ADVAPI32.dll
[0423/185903.938:ERROR:process_memory_win.cc(73)] ReadMemory at 0x7ff9bcf80000 of 64 bytes failed: Only part of a ReadProcessMemory or WriteProcessMemory request was completed. (0x12B)
[0423/185903.938:WARNING:pe_image_reader.cc(340)] could not read dos header from C:\Windows\System32\sechost.dll
[0423/185903.938:ERROR:process_memory_win.cc(73)] ReadMemory at 0x7ff9bd220000 of 64 bytes failed: Only part of a ReadProcessMemory or WriteProcessMemory request was completed. (0x12B)
[0423/185903.938:WARNING:pe_image_reader.cc(340)] could not read dos header from C:\Windows\System32\RPCRT4.dll
[0423/185903.938:ERROR:process_memory_win.cc(73)] ReadMemory at 0x7ff971e40000 of 64 bytes failed: Only part of a ReadProcessMemory or WriteProcessMemory request was completed. (0x12B)
[0423/185903.938:WARNING:pe_image_reader.cc(340)] could not read dos header from C:\Program Files (x86)\Google\Chrome\Application\80.0.3987.163\chrome.dll
[0423/185903.938:ERROR:process_memory_win.cc(73)] ReadMemory at 0x7ff9bc820000 of 64 bytes failed: Only part of a ReadProcessMemory or WriteProcessMemory request was completed. (0x12B)
[0423/185903.938:WARNING:pe_image_reader.cc(340)] could not read dos header from C:\Windows\System32\WS2_32.dll
[0423/185903.938:ERROR:process_memory_win.cc(73)] ReadMemory at 0x7ff9bd0f0000 of 64 bytes failed: Only part of a ReadProcessMemory or WriteProcessMemory request was completed. (0x12B)
[0423/185903.938:WARNING:pe_image_reader.cc(340)] could not read dos header from C:\Windows\System32\OLEAUT32.dll
[0423/185903.938:ERROR:process_memory_win.cc(73)] ReadMemory at 0x7ff9bad30000 of 64 bytes failed: Only part of a ReadProcessMemory or WriteProcessMemory request was completed. (0x12B)
[0423/185903.938:WARNING:pe_image_reader.cc(340)] could not read dos header from C:\Windows\System32\msvcp_win.dll
[0423/185903.938:ERROR:process_memory_win.cc(73)] ReadMemory at 0x7ff9b9f90000 of 64 bytes failed: Only part of a ReadProcessMemory or WriteProcessMemory request was completed. (0x12B)
[0423/185903.938:WARNING:pe_image_reader.cc(340)] could not read dos header from C:\Windows\System32\ucrtbase.dll
[0423/185903.938:ERROR:process_memory_win.cc(73)] ReadMemory at 0x7ff9bcc50000 of 64 bytes failed: Only part of a ReadProcessMemory or WriteProcessMemory request was completed. (0x12B)
[0423/185903.938:WARNING:pe_image_reader.cc(340)] could not read dos header from C:\Windows\System32\combase.dll
[0423/185903.938:ERROR:process_memory_win.cc(73)] ReadMemory at 0x7ff9ba9b0000 of 64 bytes failed: Only part of a ReadProcessMemory or WriteProcessMemory request was completed. (0x12B)
[0423/185903.938:WARNING:pe_image_reader.cc(340)] could not read dos header from C:\Windows\System32\WINTRUST.dll
[0423/185903.938:ERROR:process_memory_win.cc(73)] ReadMemory at 0x7ff9b9d10000 of 64 bytes failed: Only part of a ReadProcessMemory or WriteProcessMemory request was completed. (0x12B)
[0423/185903.938:WARNING:pe_image_reader.cc(340)] could not read dos header from C:\Windows\System32\MSASN1.dll
[0423/185903.938:ERROR:process_memory_win.cc(73)] ReadMemory at 0x7ff9b9d90000 of 64 bytes failed: Only part of a ReadProcessMemory or WriteProcessMemory request was completed. (0x12B)
[0423/185903.938:WARNING:pe_image_reader.cc(340)] could not read dos header from C:\Windows\System32\CRYPT32.dll
[0423/185903.938:ERROR:process_memory_win.cc(73)] ReadMemory at 0x7ff9b91f0000 of 64 bytes failed: Only part of a ReadProcessMemory or WriteProcessMemory request was completed. (0x12B)
[0423/185903.939:WARNING:pe_image_reader.cc(340)] could not read dos header from C:\Windows\SYSTEM32\IPHLPAPI.DLL
[0423/185903.939:ERROR:process_memory_win.cc(73)] ReadMemory at 0x7ff9b7f00000 of 64 bytes failed: Only part of a ReadProcessMemory or WriteProcessMemory request was completed. (0x12B)
[0423/185903.939:WARNING:pe_image_reader.cc(340)] could not read dos header from C:\Windows\SYSTEM32\WINMM.dll
[0423/185903.939:ERROR:process_memory_win.cc(73)] ReadMemory at 0x7ff9aa2d0000 of 64 bytes failed: Only part of a ReadProcessMemory or WriteProcessMemory request was completed. (0x12B)
[0423/185903.939:WARNING:pe_image_reader.cc(340)] could not read dos header from C:\Windows\SYSTEM32\Secur32.dll
[0423/185903.939:ERROR:process_memory_win.cc(73)] ReadMemory at 0x7ff9b9bf0000 of 64 bytes failed: Only part of a ReadProcessMemory or WriteProcessMemory request was completed. (0x12B)
[0423/185903.939:WARNING:pe_image_reader.cc(340)] could not read dos header from C:\Windows\SYSTEM32\USERENV.dll
[0423/185903.939:ERROR:process_memory_win.cc(73)] ReadMemory at 0x7ff9b9ce0000 of 64 bytes failed: Only part of a ReadProcessMemory or WriteProcessMemory request was completed. (0x12B)
[0423/185903.939:WARNING:pe_image_reader.cc(340)] could not read dos header from C:\Windows\System32\profapi.dll
[0423/185903.939:ERROR:process_memory_win.cc(73)] ReadMemory at 0x7ff98c400000 of 64 bytes failed: Only part of a ReadProcessMemory or WriteProcessMemory request was completed. (0x12B)
[0423/185903.939:WARNING:pe_image_reader.cc(340)] could not read dos header from C:\Windows\SYSTEM32\UIAutomationCore.DLL
[0423/185903.939:ERROR:process_memory_win.cc(73)] ReadMemory at 0x7ff9af080000 of 64 bytes failed: Only part of a ReadProcessMemory or WriteProcessMemory request was completed. (0x12B)
[0423/185903.939:WARNING:pe_image_reader.cc(340)] could not read dos header from C:\Windows\SYSTEM32\DWrite.dll
[0423/185903.939:ERROR:process_memory_win.cc(73)] ReadMemory at 0x7ff9ab120000 of 64 bytes failed: Only part of a ReadProcessMemory or WriteProcessMemory request was completed. (0x12B)
[0423/185903.939:WARNING:pe_image_reader.cc(340)] could not read dos header from C:\Windows\SYSTEM32\WINSPOOL.DRV
[0423/185903.939:ERROR:process_memory_win.cc(73)] ReadMemory at 0x7ff9b9cc0000 of 64 bytes failed: Only part of a ReadProcessMemory or WriteProcessMemory request was completed. (0x12B)
[0423/185903.939:WARNING:pe_image_reader.cc(340)] could not read dos header from C:\Windows\System32\kernel.appcore.dll
[0423/185903.939:ERROR:process_memory_win.cc(73)] ReadMemory at 0x7ff9ba090000 of 64 bytes failed: Only part of a ReadProcessMemory or WriteProcessMemory request was completed. (0x12B)
[0423/185903.939:WARNING:pe_image_reader.cc(340)] could not read dos header from C:\Windows\System32\bcrypt.dll
[0423/185903.939:ERROR:process_memory_win.cc(73)] ReadMemory at 0x7ff9a9fd0000 of 64 bytes failed: Only part of a ReadProcessMemory or WriteProcessMemory request was completed. (0x12B)
[0423/185903.939:WARNING:pe_image_reader.cc(340)] could not read dos header from C:\Windows\SYSTEM32\dbghelp.dll
[0423/185903.939:ERROR:process_memory_win.cc(73)] ReadMemory at 0x7ff9b1580000 of 64 bytes failed: Only part of a ReadProcessMemory or WriteProcessMemory request was completed. (0x12B)
[0423/185903.939:WARNING:pe_image_reader.cc(340)] could not read dos header from C:\Windows\SYSTEM32\WINHTTP.dll
[0423/185903.939:ERROR:process_memory_win.cc(73)] ReadMemory at 0x7ff9b1410000 of 64 bytes failed: Only part of a ReadProcessMemory or WriteProcessMemory request was completed. (0x12B)
[0423/185903.939:WARNING:pe_image_reader.cc(340)] could not read dos header from C:\Windows\SYSTEM32\dhcpcsvc.DLL
[0423/185903.939:ERROR:process_memory_win.cc(73)] ReadMemory at 0x7ff9bdc90000 of 64 bytes failed: Only part of a ReadProcessMemory or WriteProcessMemory request was completed. (0x12B)
[0423/185903.939:WARNING:pe_image_reader.cc(340)] could not read dos header from C:\Windows\System32\NSI.dll
[0423/185903.939:ERROR:process_memory_win.cc(73)] ReadMemory at 0x7ff9b7ed0000 of 64 bytes failed: Only part of a ReadProcessMemory or WriteProcessMemory request was completed. (0x12B)
[0423/185903.939:WARNING:pe_image_reader.cc(340)] could not read dos header from C:\Windows\SYSTEM32\WINMMBASE.dll
[0423/185903.939:ERROR:process_memory_win.cc(73)] ReadMemory at 0x7ff9badd0000 of 64 bytes failed: Only part of a ReadProcessMemory or WriteProcessMemory request was completed. (0x12B)
[0423/185903.939:WARNING:pe_image_reader.cc(340)] could not read dos header from C:\Windows\System32\cfgmgr32.dll
[0423/185903.939:ERROR:process_memory_win.cc(73)] ReadMemory at 0x7ff9b0ec0000 of 64 bytes failed: Only part of a ReadProcessMemory or WriteProcessMemory request was completed. (0x12B)
[0423/185903.939:WARNING:pe_image_reader.cc(340)] could not read dos header from C:\Windows\SYSTEM32\Bcp47Langs.dll
[0423/185903.939:ERROR:process_memory_win.cc(73)] ReadMemory at 0x7ff9b66a0000 of 64 bytes failed: Only part of a ReadProcessMemory or WriteProcessMemory request was completed. (0x12B)
[0423/185903.939:WARNING:pe_image_reader.cc(340)] could not read dos header from C:\Windows\SYSTEM32\PROPSYS.dll
[0423/185903.939:ERROR:process_memory_win.cc(73)] ReadMemory at 0x7ff9bc770000 of 64 bytes failed: Only part of a ReadProcessMemory or WriteProcessMemory request was completed. (0x12B)
[0423/185903.939:WARNING:pe_image_reader.cc(340)] could not read dos header from C:\Windows\System32\shcore.dll
[0423/185903.939:ERROR:process_memory_win.cc(73)] ReadMemory at 0x7ff9b9bc0000 of 64 bytes failed: Only part of a ReadProcessMemory or WriteProcessMemory request was completed. (0x12B)
[0423/185903.939:WARNING:pe_image_reader.cc(340)] could not read dos header from C:\Windows\SYSTEM32\SSPICLI.DLL
[0423/185903.939:ERROR:process_memory_win.cc(73)] ReadMemory at 0x7ff9b96a0000 of 64 bytes failed: Only part of a ReadProcessMemory or WriteProcessMemory request was completed. (0x12B)
[0423/185903.939:WARNING:pe_image_reader.cc(340)] could not read dos header from C:\Windows\SYSTEM32\CRYPTBASE.DLL
[0423/185903.940:ERROR:process_memory_win.cc(73)] ReadMemory at 0x7ff702ec0000 of 64 bytes failed: Only part of a ReadProcessMemory or WriteProcessMemory request was completed. (0x12B)
[0423/185903.940:WARNING:pe_image_reader.cc(340)] could not read dos header from C:\Program Files (x86)\Google\Chrome\Application\chrome.exe
[0423/185903.940:ERROR:process_memory_win.cc(73)] ReadMemory at 0x7ff9bdcd0000 of 64 bytes failed: Only part of a ReadProcessMemory or WriteProcessMemory request was completed. (0x12B)
[0423/185903.940:WARNING:pe_image_reader.cc(340)] could not read dos header from C:\Windows\SYSTEM32\ntdll.dll
[0423/185903.940:ERROR:process_memory_win.cc(73)] ReadMemory at 0x7ff9bca00000 of 64 bytes failed: Only part of a ReadProcessMemory or WriteProcessMemory request was completed. (0x12B)
[0423/185903.940:WARNING:pe_image_reader.cc(340)] could not read dos header from C:\Windows\System32\KERNEL32.DLL
[0423/185903.940:ERROR:process_memory_win.cc(73)] ReadMemory at 0x7ff9baa10000 of 64 bytes failed: Only part of a ReadProcessMemory or WriteProcessMemory request was completed. (0x12B)
[0423/185903.940:WARNING:pe_image_reader.cc(340)] could not read dos header from C:\Windows\System32\KERNELBASE.dll
[0423/185903.940:ERROR:process_memory_win.cc(73)] ReadMemory at 0x7ff9a1900000 of 64 bytes failed: Only part of a ReadProcessMemory or WriteProcessMemory request was completed. (0x12B)
[0423/185903.940:WARNING:pe_image_reader.cc(340)] could not read dos header from C:\Program Files (x86)\Google\Chrome\Application\80.0.3987.163\chrome_elf.dll
[0423/185903.940:ERROR:process_memory_win.cc(73)] ReadMemory at 0x7ff9ae1d0000 of 64 bytes failed: Only part of a ReadProcessMemory or WriteProcessMemory request was completed. (0x12B)
[0423/185903.940:WARNING:pe_image_reader.cc(340)] could not read dos header from C:\Windows\SYSTEM32\VERSION.dll
[0423/185903.940:ERROR:process_memory_win.cc(73)] ReadMemory at 0x7ff9bcbb0000 of 64 bytes failed: Only part of a ReadProcessMemory or WriteProcessMemory request was completed. (0x12B)
[0423/185903.940:WARNING:pe_image_reader.cc(340)] could not read dos header from C:\Windows\System32\msvcrt.dll
[0423/185903.940:ERROR:process_memory_win.cc(73)] ReadMemory at 0x7ff9bacb0000 of 64 bytes failed: Only part of a ReadProcessMemory or WriteProcessMemory request was completed. (0x12B)
[0423/185903.940:WARNING:pe_image_reader.cc(340)] could not read dos header from C:\Windows\System32\bcryptPrimitives.dll
[0423/185903.940:ERROR:process_memory_win.cc(73)] ReadMemory at 0x7ff9bc450000 of 64 bytes failed: Only part of a ReadProcessMemory or WriteProcessMemory request was completed. (0x12B)
[0423/185903.940:WARNING:pe_image_reader.cc(340)] could not read dos header from C:\Windows\System32\ADVAPI32.dll
[0423/185903.940:ERROR:process_memory_win.cc(73)] ReadMemory at 0x7ff9bcf80000 of 64 bytes failed: Only part of a ReadProcessMemory or WriteProcessMemory request was completed. (0x12B)
[0423/185903.940:WARNING:pe_image_reader.cc(340)] could not read dos header from C:\Windows\System32\sechost.dll
[0423/185903.940:ERROR:process_memory_win.cc(73)] ReadMemory at 0x7ff9bd220000 of 64 bytes failed: Only part of a ReadProcessMemory or WriteProcessMemory request was completed. (0x12B)
[0423/185903.940:WARNING:pe_image_reader.cc(340)] could not read dos header from C:\Windows\System32\RPCRT4.dll
[0423/185903.940:ERROR:process_memory_win.cc(73)] ReadMemory at 0x7ff971e40000 of 64 bytes failed: Only part of a ReadProcessMemory or WriteProcessMemory request was completed. (0x12B)
[0423/185903.940:WARNING:pe_image_reader.cc(340)] could not read dos header from C:\Program Files (x86)\Google\Chrome\Application\80.0.3987.163\chrome.dll
[0423/185903.940:ERROR:process_memory_win.cc(73)] ReadMemory at 0x7ff9bc820000 of 64 bytes failed: Only part of a ReadProcessMemory or WriteProcessMemory request was completed. (0x12B)
[0423/185903.940:WARNING:pe_image_reader.cc(340)] could not read dos header from C:\Windows\System32\WS2_32.dll
[0423/185903.940:ERROR:process_memory_win.cc(73)] ReadMemory at 0x7ff9bd0f0000 of 64 bytes failed: Only part of a ReadProcessMemory or WriteProcessMemory request was completed. (0x12B)
[0423/185903.940:WARNING:pe_image_reader.cc(340)] could not read dos header from C:\Windows\System32\OLEAUT32.dll
[0423/185903.940:ERROR:process_memory_win.cc(73)] ReadMemory at 0x7ff9bad30000 of 64 bytes failed: Only part of a ReadProcessMemory or WriteProcessMemory request was completed. (0x12B)
[0423/185903.940:WARNING:pe_image_reader.cc(340)] could not read dos header from C:\Windows\System32\msvcp_win.dll
[0423/185903.940:ERROR:process_memory_win.cc(73)] ReadMemory at 0x7ff9b9f90000 of 64 bytes failed: Only part of a ReadProcessMemory or WriteProcessMemory request was completed. (0x12B)
[0423/185903.940:WARNING:pe_image_reader.cc(340)] could not read dos header from C:\Windows\System32\ucrtbase.dll
[0423/185903.940:ERROR:process_memory_win.cc(73)] ReadMemory at 0x7ff9bcc50000 of 64 bytes failed: Only part of a ReadProcessMemory or WriteProcessMemory request was completed. (0x12B)
[0423/185903.940:WARNING:pe_image_reader.cc(340)] could not read dos header from C:\Windows\System32\combase.dll
[0423/185903.940:ERROR:process_memory_win.cc(73)] ReadMemory at 0x7ff9ba9b0000 of 64 bytes failed: Only part of a ReadProcessMemory or WriteProcessMemory request was completed. (0x12B)
[0423/185903.940:WARNING:pe_image_reader.cc(340)] could not read dos header from C:\Windows\System32\WINTRUST.dll
[0423/185903.940:ERROR:process_memory_win.cc(73)] ReadMemory at 0x7ff9b9d10000 of 64 bytes failed: Only part of a ReadProcessMemory or WriteProcessMemory request was completed. (0x12B)
[0423/185903.940:WARNING:pe_image_reader.cc(340)] could not read dos header from C:\Windows\System32\MSASN1.dll
[0423/185903.940:ERROR:process_memory_win.cc(73)] ReadMemory at 0x7ff9b9d90000 of 64 bytes failed: Only part of a ReadProcessMemory or WriteProcessMemory request was completed. (0x12B)
[0423/185903.940:WARNING:pe_image_reader.cc(340)] could not read dos header from C:\Windows\System32\CRYPT32.dll
[0423/185903.940:ERROR:process_memory_win.cc(73)] ReadMemory at 0x7ff9b91f0000 of 64 bytes failed: Only part of a ReadProcessMemory or WriteProcessMemory request was completed. (0x12B)
[0423/185903.940:WARNING:pe_image_reader.cc(340)] could not read dos header from C:\Windows\SYSTEM32\IPHLPAPI.DLL
[0423/185903.940:ERROR:process_memory_win.cc(73)] ReadMemory at 0x7ff9b7f00000 of 64 bytes failed: Only part of a ReadProcessMemory or WriteProcessMemory request was completed. (0x12B)
[0423/185903.940:WARNING:pe_image_reader.cc(340)] could not read dos header from C:\Windows\SYSTEM32\WINMM.dll
[0423/185903.941:ERROR:process_memory_win.cc(73)] ReadMemory at 0x7ff9aa2d0000 of 64 bytes failed: Only part of a ReadProcessMemory or WriteProcessMemory request was completed. (0x12B)
[0423/185903.941:WARNING:pe_image_reader.cc(340)] could not read dos header from C:\Windows\SYSTEM32\Secur32.dll
[0423/185903.941:ERROR:process_memory_win.cc(73)] ReadMemory at 0x7ff9b9bf0000 of 64 bytes failed: Only part of a ReadProcessMemory or WriteProcessMemory request was completed. (0x12B)
[0423/185903.941:WARNING:pe_image_reader.cc(340)] could not read dos header from C:\Windows\SYSTEM32\USERENV.dll
[0423/185903.941:ERROR:process_memory_win.cc(73)] ReadMemory at 0x7ff9b9ce0000 of 64 bytes failed: Only part of a ReadProcessMemory or WriteProcessMemory request was completed. (0x12B)
[0423/185903.941:WARNING:pe_image_reader.cc(340)] could not read dos header from C:\Windows\System32\profapi.dll
[0423/185903.941:ERROR:process_memory_win.cc(73)] ReadMemory at 0x7ff98c400000 of 64 bytes failed: Only part of a ReadProcessMemory or WriteProcessMemory request was completed. (0x12B)
[0423/185903.941:WARNING:pe_image_reader.cc(340)] could not read dos header from C:\Windows\SYSTEM32\UIAutomationCore.DLL
[0423/185903.941:ERROR:process_memory_win.cc(73)] ReadMemory at 0x7ff9af080000 of 64 bytes failed: Only part of a ReadProcessMemory or WriteProcessMemory request was completed. (0x12B)
[0423/185903.941:WARNING:pe_image_reader.cc(340)] could not read dos header from C:\Windows\SYSTEM32\DWrite.dll
[0423/185903.941:ERROR:process_memory_win.cc(73)] ReadMemory at 0x7ff9ab120000 of 64 bytes failed: Only part of a ReadProcessMemory or WriteProcessMemory request was completed. (0x12B)
[0423/185903.941:WARNING:pe_image_reader.cc(340)] could not read dos header from C:\Windows\SYSTEM32\WINSPOOL.DRV
[0423/185903.941:ERROR:process_memory_win.cc(73)] ReadMemory at 0x7ff9b9cc0000 of 64 bytes failed: Only part of a ReadProcessMemory or WriteProcessMemory request was completed. (0x12B)
[0423/185903.941:WARNING:pe_image_reader.cc(340)] could not read dos header from C:\Windows\System32\kernel.appcore.dll
[0423/185903.941:ERROR:process_memory_win.cc(73)] ReadMemory at 0x7ff9ba090000 of 64 bytes failed: Only part of a ReadProcessMemory or WriteProcessMemory request was completed. (0x12B)
[0423/185903.941:WARNING:pe_image_reader.cc(340)] could not read dos header from C:\Windows\System32\bcrypt.dll
[0423/185903.941:ERROR:process_memory_win.cc(73)] ReadMemory at 0x7ff9a9fd0000 of 64 bytes failed: Only part of a ReadProcessMemory or WriteProcessMemory request was completed. (0x12B)
[0423/185903.941:WARNING:pe_image_reader.cc(340)] could not read dos header from C:\Windows\SYSTEM32\dbghelp.dll
[0423/185903.941:ERROR:process_memory_win.cc(73)] ReadMemory at 0x7ff9b1580000 of 64 bytes failed: Only part of a ReadProcessMemory or WriteProcessMemory request was completed. (0x12B)
[0423/185903.941:WARNING:pe_image_reader.cc(340)] could not read dos header from C:\Windows\SYSTEM32\WINHTTP.dll
[0423/185903.941:ERROR:process_memory_win.cc(73)] ReadMemory at 0x7ff9b1410000 of 64 bytes failed: Only part of a ReadProcessMemory or WriteProcessMemory request was completed. (0x12B)
[0423/185903.941:WARNING:pe_image_reader.cc(340)] could not read dos header from C:\Windows\SYSTEM32\dhcpcsvc.DLL
[0423/185903.941:ERROR:process_memory_win.cc(73)] ReadMemory at 0x7ff9bdc90000 of 64 bytes failed: Only part of a ReadProcessMemory or WriteProcessMemory request was completed. (0x12B)
[0423/185903.941:WARNING:pe_image_reader.cc(340)] could not read dos header from C:\Windows\System32\NSI.dll
[0423/185903.941:ERROR:process_memory_win.cc(73)] ReadMemory at 0x7ff9b7ed0000 of 64 bytes failed: Only part of a ReadProcessMemory or WriteProcessMemory request was completed. (0x12B)
[0423/185903.941:WARNING:pe_image_reader.cc(340)] could not read dos header from C:\Windows\SYSTEM32\WINMMBASE.dll
[0423/185903.941:ERROR:process_memory_win.cc(73)] ReadMemory at 0x7ff9badd0000 of 64 bytes failed: Only part of a ReadProcessMemory or WriteProcessMemory request was completed. (0x12B)
[0423/185903.941:WARNING:pe_image_reader.cc(340)] could not read dos header from C:\Windows\System32\cfgmgr32.dll
[0423/185903.941:ERROR:process_memory_win.cc(73)] ReadMemory at 0x7ff9b0ec0000 of 64 bytes failed: Only part of a ReadProcessMemory or WriteProcessMemory request was completed. (0x12B)
[0423/185903.941:WARNING:pe_image_reader.cc(340)] could not read dos header from C:\Windows\SYSTEM32\Bcp47Langs.dll
[0423/185903.941:ERROR:process_memory_win.cc(73)] ReadMemory at 0x7ff9b66a0000 of 64 bytes failed: Only part of a ReadProcessMemory or WriteProcessMemory request was completed. (0x12B)
[0423/185903.941:WARNING:pe_image_reader.cc(340)] could not read dos header from C:\Windows\SYSTEM32\PROPSYS.dll
[0423/185903.941:ERROR:process_memory_win.cc(73)] ReadMemory at 0x7ff9bc770000 of 64 bytes failed: Only part of a ReadProcessMemory or WriteProcessMemory request was completed. (0x12B)
[0423/185903.941:WARNING:pe_image_reader.cc(340)] could not read dos header from C:\Windows\System32\shcore.dll
[0423/185903.941:ERROR:process_memory_win.cc(73)] ReadMemory at 0x7ff9b9bc0000 of 64 bytes failed: Only part of a ReadProcessMemory or WriteProcessMemory request was completed. (0x12B)
[0423/185903.941:WARNING:pe_image_reader.cc(340)] could not read dos header from C:\Windows\SYSTEM32\SSPICLI.DLL
[0423/185903.941:ERROR:process_memory_win.cc(73)] ReadMemory at 0x7ff9b96a0000 of 64 bytes failed: Only part of a ReadProcessMemory or WriteProcessMemory request was completed. (0x12B)
[0423/185903.941:WARNING:pe_image_reader.cc(340)] could not read dos header from C:\Windows\SYSTEM32\CRYPTBASE.DLL
[0423/185904.212:ERROR:process_memory_win.cc(73)] ReadMemory at 0x39431f1000 of 61440 bytes failed: Only part of a ReadProcessMemory or WriteProcessMemory request was completed. (0x12B)
[0423/185904.212:ERROR:process_memory_win.cc(73)] ReadMemory at 0x39439fd000 of 12288 bytes failed: Only part of a ReadProcessMemory or WriteProcessMemory request was completed. (0x12B)
[0423/185904.212:ERROR:process_memory_win.cc(73)] ReadMemory at 0x39449fc000 of 16384 bytes failed: Only part of a ReadProcessMemory or WriteProcessMemory request was completed. (0x12B)
[0423/185904.212:ERROR:process_memory_win.cc(73)] ReadMemory at 0x39451fb000 of 20480 bytes failed: Only part of a ReadProcessMemory or WriteProcessMemory request was completed. (0x12B)
[0423/185904.212:ERROR:process_memory_win.cc(73)] ReadMemory at 0x39459ff000 of 4096 bytes failed: Only part of a ReadProcessMemory or WriteProcessMemory request was completed. (0x12B)
[0423/185904.212:ERROR:process_memory_win.cc(73)] ReadMemory at 0x39461fd000 of 12288 bytes failed: Only part of a ReadProcessMemory or WriteProcessMemory request was completed. (0x12B)
[0423/185904.212:ERROR:process_memory_win.cc(73)] ReadMemory at 0x39469fb000 of 20480 bytes failed: Only part of a ReadProcessMemory or WriteProcessMemory request was completed. (0x12B)
[0423/185904.213:ERROR:process_memory_win.cc(73)] ReadMemory at 0x39479fd000 of 12288 bytes failed: Only part of a ReadProcessMemory or WriteProcessMemory request was completed. (0x12B)
[0423/185904.213:ERROR:process_memory_win.cc(73)] ReadMemory at 0x39481f6000 of 40960 bytes failed: Only part of a ReadProcessMemory or WriteProcessMemory request was completed. (0x12B)
[0423/185904.213:ERROR:process_memory_win.cc(73)] ReadMemory at 0x39489f7000 of 36864 bytes failed: Only part of a ReadProcessMemory or WriteProcessMemory request was completed. (0x12B)
[0423/185904.213:ERROR:process_memory_win.cc(73)] ReadMemory at 0x39491fd000 of 12288 bytes failed: Only part of a ReadProcessMemory or WriteProcessMemory request was completed. (0x12B)
[0423/185904.213:ERROR:process_memory_win.cc(73)] ReadMemory at 0x394a9fd000 of 12288 bytes failed: Only part of a ReadProcessMemory or WriteProcessMemory request was completed. (0x12B)
[0423/185904.213:ERROR:process_memory_win.cc(73)] ReadMemory at 0x39007fd000 of 12288 bytes failed: Only part of a ReadProcessMemory or WriteProcessMemory request was completed. (0x12B)
[0423/185904.213:ERROR:process_memory_win.cc(73)] ReadMemory at 0x3900ffe000 of 8192 bytes failed: Only part of a ReadProcessMemory or WriteProcessMemory request was completed. (0x12B)
[0423/185904.270:ERROR:process_memory_win.cc(73)] ReadMemory at 0x39428f4000 of 6024 bytes failed: Only part of a ReadProcessMemory or WriteProcessMemory request was completed. (0x12B)
[0423/185904.302:ERROR:process_memory_win.cc(73)] ReadMemory at 0x39428f6000 of 6024 bytes failed: Only part of a ReadProcessMemory or WriteProcessMemory request was completed. (0x12B)
[0423/185904.302:ERROR:process_memory_win.cc(73)] ReadMemory at 0x39429d6000 of 852 bytes failed: Only part of a ReadProcessMemory or WriteProcessMemory request was completed. (0x12B)
[0423/185904.303:ERROR:process_memory_win.cc(73)] ReadMemory at 0x39429d7000 of 6024 bytes failed: Only part of a ReadProcessMemory or WriteProcessMemory request was completed. (0x12B)
[0423/185904.303:ERROR:process_memory_win.cc(73)] ReadMemory at 0x39429d9000 of 6024 bytes failed: Only part of a ReadProcessMemory or WriteProcessMemory request was completed. (0x12B)
[0423/185904.303:ERROR:process_memory_win.cc(73)] ReadMemory at 0x39429dd000 of 6024 bytes failed: Only part of a ReadProcessMemory or WriteProcessMemory request was completed. (0x12B)
[0423/185904.303:ERROR:process_memory_win.cc(73)] ReadMemory at 0x39429df000 of 6024 bytes failed: Only part of a ReadProcessMemory or WriteProcessMemory request was completed. (0x12B)
[0423/185904.303:ERROR:process_memory_win.cc(73)] ReadMemory at 0x39429e1000 of 6024 bytes failed: Only part of a ReadProcessMemory or WriteProcessMemory request was completed. (0x12B)
[0423/185904.303:ERROR:process_memory_win.cc(73)] ReadMemory at 0x39429e3000 of 6024 bytes failed: Only part of a ReadProcessMemory or WriteProcessMemory request was completed. (0x12B)
[0423/185904.304:ERROR:process_memory_win.cc(73)] ReadMemory at 0x39429e5000 of 6024 bytes failed: Only part of a ReadProcessMemory or WriteProcessMemory request was completed. (0x12B)
[0423/185904.304:ERROR:process_memory_win.cc(73)] ReadMemory at 0x39429e9000 of 6024 bytes failed: Only part of a ReadProcessMemory or WriteProcessMemory request was completed. (0x12B)
[0423/185904.304:ERROR:process_memory_win.cc(73)] ReadMemory at 0x39429eb000 of 6024 bytes failed: Only part of a ReadProcessMemory or WriteProcessMemory request was completed. (0x12B)
[0423/185904.304:ERROR:process_memory_win.cc(73)] ReadMemory at 0x39429ed000 of 6024 bytes failed: Only part of a ReadProcessMemory or WriteProcessMemory request was completed. (0x12B)
[0423/185904.304:ERROR:process_memory_win.cc(73)] ReadMemory at 0x39429ef000 of 6024 bytes failed: Only part of a ReadProcessMemory or WriteProcessMemory request was completed. (0x12B)
[0423/185904.304:ERROR:process_memory_win.cc(73)] ReadMemory at 0x39429f5000 of 6024 bytes failed: Only part of a ReadProcessMemory or WriteProcessMemory request was completed. (0x12B)
[0423/185904.304:ERROR:process_memory_win.cc(73)] ReadMemory at 0x17111162590 of 512 bytes failed: Only part of a ReadProcessMemory or WriteProcessMemory request was completed. (0x12B)
[0423/185904.304:ERROR:process_memory_win.cc(73)] ReadMemory at 0x171111661e0 of 512 bytes failed: Only part of a ReadProcessMemory or WriteProcessMemory request was completed. (0x12B)
[0423/185904.304:ERROR:process_memory_win.cc(73)] ReadMemory at 0x17177530fe0 of 4842 bytes failed: Only part of a ReadProcessMemory or WriteProcessMemory request was completed. (0x12B)
[0423/185904.304:ERROR:process_memory_win.cc(73)] ReadMemory at 0x171775322e0 of 1012 bytes failed: Only part of a ReadProcessMemory or WriteProcessMemory request was completed. (0x12B)
[0423/185904.304:ERROR:process_memory_win.cc(73)] ReadMemory at 0x17177532908 of 118 bytes failed: Only part of a ReadProcessMemory or WriteProcessMemory request was completed. (0x12B)
[0423/185904.304:ERROR:process_memory_win.cc(73)] ReadMemory at 0x17177532980 of 756 bytes failed: Only part of a ReadProcessMemory or WriteProcessMemory request was completed. (0x12B)
[0423/185904.306:ERROR:process_memory_win.cc(73)] ReadMemory at 0x17177532c76 of 118 bytes failed: Only part of a ReadProcessMemory or WriteProcessMemory request was completed. (0x12B)
[0423/185904.306:ERROR:process_memory_win.cc(73)] ReadMemory at 0x17177532cee of 94 bytes failed: Only part of a ReadProcessMemory or WriteProcessMemory request was completed. (0x12B)
[0423/185904.306:ERROR:process_memory_win.cc(73)] ReadMemory at 0x17177532d60 of 58 bytes failed: Only part of a ReadProcessMemory or WriteProcessMemory request was completed. (0x12B)
[0423/185904.306:ERROR:process_memory_win.cc(73)] ReadMemory at 0x17177532e60 of 132 bytes failed: Only part of a ReadProcessMemory or WriteProcessMemory request was completed. (0x12B)
[0423/185904.307:ERROR:process_memory_win.cc(73)] ReadMemory at 0x17177532ff0 of 132 bytes failed: Only part of a ReadProcessMemory or WriteProcessMemory request was completed. (0x12B)
[0423/185904.412:ERROR:process_memory_win.cc(73)] ReadMemory at 0x171775331b0 of 126 bytes failed: Only part of a ReadProcessMemory or WriteProcessMemory request was completed. (0x12B)
[0423/185904.412:ERROR:process_memory_win.cc(73)] ReadMemory at 0x17177533590 of 132 bytes failed: Only part of a ReadProcessMemory or WriteProcessMemory request was completed. (0x12B)
[0423/185904.412:ERROR:process_memory_win.cc(73)] ReadMemory at 0x17177533720 of 64 bytes failed: Only part of a ReadProcessMemory or WriteProcessMemory request was completed. (0x12B)
[0423/185904.412:ERROR:process_memory_win.cc(73)] ReadMemory at 0x17177533770 of 132 bytes failed: Only part of a ReadProcessMemory or WriteProcessMemory request was completed. (0x12B)
[0423/185904.412:ERROR:process_memory_win.cc(73)] ReadMemory at 0x171775338e0 of 132 bytes failed: Only part of a ReadProcessMemory or WriteProcessMemory request was completed. (0x12B)
[0423/185904.413:ERROR:process_memory_win.cc(73)] ReadMemory at 0x17177533b80 of 132 bytes failed: Only part of a ReadProcessMemory or WriteProcessMemory request was completed. (0x12B)
[0423/185904.413:ERROR:process_memory_win.cc(73)] ReadMemory at 0x17177533d10 of 68 bytes failed: Only part of a ReadProcessMemory or WriteProcessMemory request was completed. (0x12B)
[0423/185904.413:ERROR:process_memory_win.cc(73)] ReadMemory at 0x17177534bf0 of 146 bytes failed: Only part of a ReadProcessMemory or WriteProcessMemory request was completed. (0x12B)
[0423/185904.413:ERROR:process_memory_win.cc(73)] ReadMemory at 0x17177534cd0 of 132 bytes failed: Only part of a ReadProcessMemory or WriteProcessMemory request was completed. (0x12B)
[0423/185904.413:ERROR:process_memory_win.cc(73)] ReadMemory at 0x17177534e60 of 154 bytes failed: Only part of a ReadProcessMemory or WriteProcessMemory request was completed. (0x12B)
[0423/185904.413:ERROR:process_memory_win.cc(73)] ReadMemory at 0x17177535c50 of 62 bytes failed: Only part of a ReadProcessMemory or WriteProcessMemory request was completed. (0x12B)
[0423/185904.413:ERROR:process_memory_win.cc(73)] ReadMemory at 0x17177535ca0 of 132 bytes failed: Only part of a ReadProcessMemory or WriteProcessMemory request was completed. (0x12B)
[0423/185904.413:ERROR:process_memory_win.cc(73)] ReadMemory at 0x17177535e40 of 132 bytes failed: Only part of a ReadProcessMemory or WriteProcessMemory request was completed. (0x12B)
[0423/185904.413:ERROR:process_memory_win.cc(73)] ReadMemory at 0x17177535f70 of 60 bytes failed: Only part of a ReadProcessMemory or WriteProcessMemory request was completed. (0x12B)
[0423/185904.413:ERROR:process_memory_win.cc(73)] ReadMemory at 0x1717753a670 of 132 bytes failed: Only part of a ReadProcessMemory or WriteProcessMemory request was completed. (0x12B)
[0423/185904.414:ERROR:process_memory_win.cc(73)] ReadMemory at 0x1717753a7a0 of 132 bytes failed: Only part of a ReadProcessMemory or WriteProcessMemory request was completed. (0x12B)
[0423/185904.414:ERROR:process_memory_win.cc(73)] ReadMemory at 0x1717753a930 of 80 bytes failed: Only part of a ReadProcessMemory or WriteProcessMemory request was completed. (0x12B)
[0423/185904.414:ERROR:process_memory_win.cc(73)] ReadMemory at 0x1717753ab20 of 60 bytes failed: Only part of a ReadProcessMemory or WriteProcessMemory request was completed. (0x12B)
[0423/185904.414:ERROR:process_memory_win.cc(73)] ReadMemory at 0x1717753ac10 of 66 bytes failed: Only part of a ReadProcessMemory or WriteProcessMemory request was completed. (0x12B)
[0423/185904.414:ERROR:process_memory_win.cc(73)] ReadMemory at 0x1717753ac60 of 64 bytes failed: Only part of a ReadProcessMemory or WriteProcessMemory request was completed. (0x12B)
[0423/185904.414:ERROR:process_memory_win.cc(73)] ReadMemory at 0x1717753acb0 of 64 bytes failed: Only part of a ReadProcessMemory or WriteProcessMemory request was completed. (0x12B)
[0423/185904.414:ERROR:process_memory_win.cc(73)] ReadMemory at 0x1717753ad50 of 62 bytes failed: Only part of a ReadProcessMemory or WriteProcessMemory request was completed. (0x12B)
[0423/185904.414:ERROR:process_memory_win.cc(73)] ReadMemory at 0x1717753ada0 of 64 bytes failed: Only part of a ReadProcessMemory or WriteProcessMemory request was completed. (0x12B)
[0423/185904.414:ERROR:process_memory_win.cc(73)] ReadMemory at 0x1717753ae40 of 60 bytes failed: Only part of a ReadProcessMemory or WriteProcessMemory request was completed. (0x12B)
[0423/185904.414:ERROR:process_memory_win.cc(73)] ReadMemory at 0x1717753ae90 of 62 bytes failed: Only part of a ReadProcessMemory or WriteProcessMemory request was completed. (0x12B)
[0423/185904.414:ERROR:process_memory_win.cc(73)] ReadMemory at 0x1717753afd0 of 64 bytes failed: Only part of a ReadProcessMemory or WriteProcessMemory request was completed. (0x12B)
[0423/185904.414:ERROR:process_memory_win.cc(73)] ReadMemory at 0x1717753b6e0 of 132 bytes failed: Only part of a ReadProcessMemory or WriteProcessMemory request was completed. (0x12B)
[0423/185904.415:ERROR:process_memory_win.cc(73)] ReadMemory at 0x1717753b810 of 132 bytes failed: Only part of a ReadProcessMemory or WriteProcessMemory request was completed. (0x12B)
[0423/185904.415:ERROR:process_memory_win.cc(73)] ReadMemory at 0x1717753b940 of 132 bytes failed: Only part of a ReadProcessMemory or WriteProcessMemory request was completed. (0x12B)
[0423/185904.415:ERROR:process_memory_win.cc(73)] ReadMemory at 0x1717753ba70 of 132 bytes failed: Only part of a ReadProcessMemory or WriteProcessMemory request was completed. (0x12B)
[0423/185904.415:ERROR:process_memory_win.cc(73)] ReadMemory at 0x1717753bba0 of 132 bytes failed: Only part of a ReadProcessMemory or WriteProcessMemory request was completed. (0x12B)
[0423/185904.415:ERROR:process_memory_win.cc(73)] ReadMemory at 0x1717753bcd0 of 132 bytes failed: Only part of a ReadProcessMemory or WriteProcessMemory request was completed. (0x12B)
[0423/185904.415:ERROR:process_memory_win.cc(73)] ReadMemory at 0x1717753bf30 of 132 bytes failed: Only part of a ReadProcessMemory or WriteProcessMemory request was completed. (0x12B)
[0423/185904.517:ERROR:process_memory_win.cc(73)] ReadMemory at 0x1717753c060 of 132 bytes failed: Only part of a ReadProcessMemory or WriteProcessMemory request was completed. (0x12B)
[0423/185904.517:ERROR:process_memory_win.cc(73)] ReadMemory at 0x1717753c190 of 132 bytes failed: Only part of a ReadProcessMemory or WriteProcessMemory request was completed. (0x12B)
[0423/185904.517:ERROR:process_memory_win.cc(73)] ReadMemory at 0x1717753c2c0 of 132 bytes failed: Only part of a ReadProcessMemory or WriteProcessMemory request was completed. (0x12B)
[0423/185904.517:ERROR:process_memory_win.cc(73)] ReadMemory at 0x1717753c3f0 of 132 bytes failed: Only part of a ReadProcessMemory or WriteProcessMemory request was completed. (0x12B)
[0423/185904.517:ERROR:process_memory_win.cc(73)] ReadMemory at 0x1717753c520 of 132 bytes failed: Only part of a ReadProcessMemory or WriteProcessMemory request was completed. (0x12B)
[0423/185904.517:ERROR:process_memory_win.cc(73)] ReadMemory at 0x1717753f530 of 132 bytes failed: Only part of a ReadProcessMemory or WriteProcessMemory request was completed. (0x12B)
[0423/185904.517:ERROR:process_memory_win.cc(73)] ReadMemory at 0x17177541a40 of 132 bytes failed: Only part of a ReadProcessMemory or WriteProcessMemory request was completed. (0x12B)
[0423/185904.517:ERROR:process_memory_win.cc(73)] ReadMemory at 0x17177541da0 of 132 bytes failed: Only part of a ReadProcessMemory or WriteProcessMemory request was completed. (0x12B)
[0423/185904.517:ERROR:process_memory_win.cc(73)] ReadMemory at 0x17177541fb0 of 132 bytes failed: Only part of a ReadProcessMemory or WriteProcessMemory request was completed. (0x12B)
[0423/185904.517:ERROR:process_memory_win.cc(73)] ReadMemory at 0x17177543df0 of 54 bytes failed: Only part of a ReadProcessMemory or WriteProcessMemory request was completed. (0x12B)
[0423/185904.518:ERROR:process_memory_win.cc(73)] ReadMemory at 0x17177544b30 of 132 bytes failed: Only part of a ReadProcessMemory or WriteProcessMemory request was completed. (0x12B)
[0423/185904.518:ERROR:process_memory_win.cc(73)] ReadMemory at 0x17177544d50 of 132 bytes failed: Only part of a ReadProcessMemory or WriteProcessMemory request was completed. (0x12B)
[0423/185904.518:ERROR:process_memory_win.cc(73)] ReadMemory at 0x171775452c0 of 80 bytes failed: Only part of a ReadProcessMemory or WriteProcessMemory request was completed. (0x12B)
[0423/185904.518:ERROR:process_memory_win.cc(73)] ReadMemory at 0x17177545b60 of 76 bytes failed: Only part of a ReadProcessMemory or WriteProcessMemory request was completed. (0x12B)
[0423/185904.518:ERROR:process_memory_win.cc(73)] ReadMemory at 0x171775460c0 of 64 bytes failed: Only part of a ReadProcessMemory or WriteProcessMemory request was completed. (0x12B)
[0423/185904.518:ERROR:process_memory_win.cc(73)] ReadMemory at 0x17177546110 of 62 bytes failed: Only part of a ReadProcessMemory or WriteProcessMemory request was completed. (0x12B)
[0423/185904.587:ERROR:process_memory_win.cc(73)] ReadMemory at 0x17177546160 of 62 bytes failed: Only part of a ReadProcessMemory or WriteProcessMemory request was completed. (0x12B)
[0423/185904.596:ERROR:process_memory_win.cc(73)] ReadMemory at 0x171775461b0 of 60 bytes failed: Only part of a ReadProcessMemory or WriteProcessMemory request was completed. (0x12B)
[0423/185904.596:ERROR:process_memory_win.cc(73)] ReadMemory at 0x17177546200 of 62 bytes failed: Only part of a ReadProcessMemory or WriteProcessMemory request was completed. (0x12B)
[0423/185904.597:ERROR:process_memory_win.cc(73)] ReadMemory at 0x171775466b0 of 60 bytes failed: Only part of a ReadProcessMemory or WriteProcessMemory request was completed. (0x12B)
[0423/185904.597:ERROR:process_memory_win.cc(73)] ReadMemory at 0x17177546700 of 64 bytes failed: Only part of a ReadProcessMemory or WriteProcessMemory request was completed. (0x12B)
[0423/185904.597:ERROR:process_memory_win.cc(73)] ReadMemory at 0x17177546750 of 62 bytes failed: Only part of a ReadProcessMemory or WriteProcessMemory request was completed. (0x12B)
[0423/185904.597:ERROR:process_memory_win.cc(73)] ReadMemory at 0x171775467f0 of 64 bytes failed: Only part of a ReadProcessMemory or WriteProcessMemory request was completed. (0x12B)
[0423/185904.597:ERROR:process_memory_win.cc(73)] ReadMemory at 0x17177546930 of 66 bytes failed: Only part of a ReadProcessMemory or WriteProcessMemory request was completed. (0x12B)
[0423/185904.597:ERROR:process_memory_win.cc(73)] ReadMemory at 0x171775469d0 of 68 bytes failed: Only part of a ReadProcessMemory or WriteProcessMemory request was completed. (0x12B)
[0423/185904.597:ERROR:process_memory_win.cc(73)] ReadMemory at 0x17177546a20 of 64 bytes failed: Only part of a ReadProcessMemory or WriteProcessMemory request was completed. (0x12B)
[0423/185904.597:ERROR:process_memory_win.cc(73)] ReadMemory at 0x17177546ac0 of 62 bytes failed: Only part of a ReadProcessMemory or WriteProcessMemory request was completed. (0x12B)
[0423/185904.597:ERROR:process_memory_win.cc(73)] ReadMemory at 0x17177546b10 of 60 bytes failed: Only part of a ReadProcessMemory or WriteProcessMemory request was completed. (0x12B)
[0423/185904.597:ERROR:process_memory_win.cc(73)] ReadMemory at 0x17177546bb0 of 62 bytes failed: Only part of a ReadProcessMemory or WriteProcessMemory request was completed. (0x12B)
[0423/185904.597:ERROR:process_memory_win.cc(73)] ReadMemory at 0x17177546ca0 of 60 bytes failed: Only part of a ReadProcessMemory or WriteProcessMemory request was completed. (0x12B)
[0423/185904.598:ERROR:process_memory_win.cc(73)] ReadMemory at 0x17177546de0 of 62 bytes failed: Only part of a ReadProcessMemory or WriteProcessMemory request was completed. (0x12B)
[0423/185904.598:ERROR:process_memory_win.cc(73)] ReadMemory at 0x17177546e30 of 62 bytes failed: Only part of a ReadProcessMemory or WriteProcessMemory request was completed. (0x12B)
[0423/185904.598:ERROR:process_memory_win.cc(73)] ReadMemory at 0x17177546e80 of 58 bytes failed: Only part of a ReadProcessMemory or WriteProcessMemory request was completed. (0x12B)
[0423/185904.598:ERROR:process_memory_win.cc(73)] ReadMemory at 0x17177546fe0 of 132 bytes failed: Only part of a ReadProcessMemory or WriteProcessMemory request was completed. (0x12B)
[0423/185904.598:ERROR:process_memory_win.cc(73)] ReadMemory at 0x17177547240 of 132 bytes failed: Only part of a ReadProcessMemory or WriteProcessMemory request was completed. (0x12B)
[0423/185904.598:ERROR:process_memory_win.cc(73)] ReadMemory at 0x17177547370 of 132 bytes failed: Only part of a ReadProcessMemory or WriteProcessMemory request was completed. (0x12B)
[0423/185904.598:ERROR:process_memory_win.cc(73)] ReadMemory at 0x17177547830 of 132 bytes failed: Only part of a ReadProcessMemory or WriteProcessMemory request was completed. (0x12B)
[0423/185904.598:ERROR:process_memory_win.cc(73)] ReadMemory at 0x17177547e20 of 132 bytes failed: Only part of a ReadProcessMemory or WriteProcessMemory request was completed. (0x12B)
[0423/185904.626:ERROR:process_memory_win.cc(73)] ReadMemory at 0x171775481b0 of 132 bytes failed: Only part of a ReadProcessMemory or WriteProcessMemory request was completed. (0x12B)
[0423/185904.626:ERROR:process_memory_win.cc(73)] ReadMemory at 0x171775482e0 of 132 bytes failed: Only part of a ReadProcessMemory or WriteProcessMemory request was completed. (0x12B)
[0423/185904.626:ERROR:process_memory_win.cc(73)] ReadMemory at 0x171775488d0 of 132 bytes failed: Only part of a ReadProcessMemory or WriteProcessMemory request was completed. (0x12B)
[0423/185904.626:ERROR:process_memory_win.cc(73)] ReadMemory at 0x17177548b30 of 132 bytes failed: Only part of a ReadProcessMemory or WriteProcessMemory request was completed. (0x12B)
[0423/185904.626:ERROR:process_memory_win.cc(73)] ReadMemory at 0x17177548c60 of 132 bytes failed: Only part of a ReadProcessMemory or WriteProcessMemory request was completed. (0x12B)
[0423/185904.626:ERROR:process_memory_win.cc(73)] ReadMemory at 0x17177548d90 of 132 bytes failed: Only part of a ReadProcessMemory or WriteProcessMemory request was completed. (0x12B)
[0423/185904.627:ERROR:process_memory_win.cc(73)] ReadMemory at 0x1717755d790 of 512 bytes failed: Only part of a ReadProcessMemory or WriteProcessMemory request was completed. (0x12B)
[0423/185904.627:ERROR:process_memory_win.cc(73)] ReadMemory at 0x1717755ed40 of 512 bytes failed: Only part of a ReadProcessMemory or WriteProcessMemory request was completed. (0x12B)
[0423/185904.627:ERROR:process_memory_win.cc(73)] ReadMemory at 0x1717755ff50 of 512 bytes failed: Only part of a ReadProcessMemory or WriteProcessMemory request was completed. (0x12B)
[0423/185904.627:ERROR:process_memory_win.cc(73)] ReadMemory at 0x171777d0c40 of 512 bytes failed: Only part of a ReadProcessMemory or WriteProcessMemory request was completed. (0x12B)
[0423/185904.627:ERROR:process_memory_win.cc(73)] ReadMemory at 0x17177833390 of 512 bytes failed: Only part of a ReadProcessMemory or WriteProcessMemory request was completed. (0x12B)
[0423/185904.627:ERROR:process_memory_win.cc(73)] ReadMemory at 0x171778441e0 of 512 bytes failed: Only part of a ReadProcessMemory or WriteProcessMemory request was completed. (0x12B)
[0423/185904.627:ERROR:process_memory_win.cc(73)] ReadMemory at 0x171778637c0 of 712 bytes failed: Only part of a ReadProcessMemory or WriteProcessMemory request was completed. (0x12B)
[0423/185904.627:ERROR:process_memory_win.cc(73)] ReadMemory at 0x17177888170 of 512 bytes failed: Only part of a ReadProcessMemory or WriteProcessMemory request was completed. (0x12B)
[0423/185904.627:ERROR:process_memory_win.cc(73)] ReadMemory at 0x1717788b738 of 656 bytes failed: Only part of a ReadProcessMemory or WriteProcessMemory request was completed. (0x12B)
[0423/185904.627:ERROR:process_memory_win.cc(73)] ReadMemory at 0x1717788bf18 of 512 bytes failed: Only part of a ReadProcessMemory or WriteProcessMemory request was completed. (0x12B)
[0423/185904.627:ERROR:process_memory_win.cc(73)] ReadMemory at 0x17177891380 of 512 bytes failed: Only part of a ReadProcessMemory or WriteProcessMemory request was completed. (0x12B)
[0423/185904.627:ERROR:process_memory_win.cc(73)] ReadMemory at 0x17179748930 of 512 bytes failed: Only part of a ReadProcessMemory or WriteProcessMemory request was completed. (0x12B)
[0423/185904.627:ERROR:process_memory_win.cc(73)] ReadMemory at 0x1717975b330 of 512 bytes failed: Only part of a ReadProcessMemory or WriteProcessMemory request was completed. (0x12B)
[0423/185904.627:ERROR:process_memory_win.cc(73)] ReadMemory at 0x17179804990 of 512 bytes failed: Only part of a ReadProcessMemory or WriteProcessMemory request was completed. (0x12B)
[0423/185904.628:ERROR:process_memory_win.cc(73)] ReadMemory at 0x1717982e678 of 512 bytes failed: Only part of a ReadProcessMemory or WriteProcessMemory request was completed. (0x12B)
[0423/185904.628:ERROR:process_memory_win.cc(73)] ReadMemory at 0x1717a024ca0 of 512 bytes failed: Only part of a ReadProcessMemory or WriteProcessMemory request was completed. (0x12B)
[0423/185904.628:ERROR:process_memory_win.cc(73)] ReadMemory at 0x1d9000000000 of 384 bytes failed: Only part of a ReadProcessMemory or WriteProcessMemory request was completed. (0x12B)
[0423/185904.628:ERROR:process_memory_win.cc(73)] ReadMemory at 0x215adf09be18 of 512 bytes failed: Only part of a ReadProcessMemory or WriteProcessMemory request was completed. (0x12B)
[0423/185904.628:ERROR:process_memory_win.cc(73)] ReadMemory at 0x604fb06a4320 of 512 bytes failed: Only part of a ReadProcessMemory or WriteProcessMemory request was completed. (0x12B)
[0423/185904.628:ERROR:process_memory_win.cc(73)] ReadMemory at 0x770ef61148f0 of 512 bytes failed: Only part of a ReadProcessMemory or WriteProcessMemory request was completed. (0x12B)
[0423/185904.628:ERROR:process_memory_win.cc(73)] ReadMemory at 0x78af62807f90 of 512 bytes failed: Only part of a ReadProcessMemory or WriteProcessMemory request was completed. (0x12B)
[0423/185904.628:ERROR:process_memory_win.cc(73)] ReadMemory at 0x78af62817f90 of 512 bytes failed: Only part of a ReadProcessMemory or WriteProcessMemory request was completed. (0x12B)
[0423/185904.628:ERROR:process_memory_win.cc(73)] ReadMemory at 0x7ff9743f038c of 512 bytes failed: Only part of a ReadProcessMemory or WriteProcessMemory request was completed. (0x12B)
[0423/185904.628:ERROR:process_memory_win.cc(73)] ReadMemory at 0x7ff975194722 of 512 bytes failed: Only part of a ReadProcessMemory or WriteProcessMemory request was completed. (0x12B)
[0423/185904.628:ERROR:process_memory_win.cc(73)] ReadMemory at 0x7ff97806428c of 512 bytes failed: Only part of a ReadProcessMemory or WriteProcessMemory request was completed. (0x12B)
[0423/185904.628:ERROR:process_memory_win.cc(73)] ReadMemory at 0x7ff97922e950 of 512 bytes failed: Only part of a ReadProcessMemory or WriteProcessMemory request was completed. (0x12B)
[0423/185904.628:ERROR:process_memory_win.cc(73)] ReadMemory at 0x7ff9a1927a8d of 512 bytes failed: Only part of a ReadProcessMemory or WriteProcessMemory request was completed. (0x12B)
[0423/185904.628:ERROR:process_memory_win.cc(73)] ReadMemory at 0x7ff9a1928285 of 512 bytes failed: Only part of a ReadProcessMemory or WriteProcessMemory request was completed. (0x12B)
[0423/185904.628:ERROR:process_memory_win.cc(73)] ReadMemory at 0x7ff9bdd6f754 of 672 bytes failed: Only part of a ReadProcessMemory or WriteProcessMemory request was completed. (0x12B)
[0423/185904.628:ERROR:process_memory_win.cc(73)] ReadMemory at 0x7ff9bdd72fe4 of 608 bytes failed: Only part of a ReadProcessMemory or WriteProcessMemory request was completed. (0x12B)
[0423/185904.628:ERROR:process_memory_win.cc(73)] ReadMemory at 0x7ff9bddfc0c8 of 18 bytes failed: Only part of a ReadProcessMemory or WriteProcessMemory request was completed. (0x12B)
[0423/185904.628:ERROR:process_memory_win.cc(73)] ReadMemory at 0x7ff9bde2f4f8 of 40 bytes failed: Only part of a ReadProcessMemory or WriteProcessMemory request was completed. (0x12B)
[0423/185904.628:ERROR:process_memory_win.cc(73)] ReadMemory at 0x7ff9bde2f978 of 48 bytes failed: Only part of a ReadProcessMemory or WriteProcessMemory request was completed. (0x12B)
[0423/185904.628:ERROR:process_memory_win.cc(73)] ReadMemory at 0x7ff9bde353a0 of 64 bytes failed: Only part of a ReadProcessMemory or WriteProcessMemory request was completed. (0x12B)
[0423/185904.633:ERROR:scoped_process_suspend.cc(40)] NtResumeProcess: An attempt was made to access an exiting process. (0xc000010a)
